<?xml version="1.0" encoding="UTF-8"?>
<coverage generated="1763612892092" clover="3.2.0">
  <project timestamp="1763612892092" name="All files">
    <metrics statements="161" coveredstatements="128" conditionals="134" coveredconditionals="103" methods="25" coveredmethods="22" elements="320" coveredelements="253" complexity="0" loc="161" ncloc="161" packages="3" files="3" classes="3"/>
    <package name="components.forms">
      <metrics statements="91" coveredstatements="85" conditionals="86" coveredconditionals="78" methods="20" coveredmethods="18"/>
      <file name="QuoteFormInline.tsx" path="/Users/andersongomes/anderson-cleaning/components/forms/QuoteFormInline.tsx">
        <metrics statements="91" coveredstatements="85" conditionals="86" coveredconditionals="78" methods="20" coveredmethods="18"/>
        <line num="26" count="1" type="stmt"/>
        <line num="27" count="1" type="stmt"/>
        <line num="70" count="1" type="stmt"/>
        <line num="80" count="1" type="stmt"/>
        <line num="87" count="1" type="stmt"/>
        <line num="96" count="1" type="stmt"/>
        <line num="98" count="10" type="stmt"/>
        <line num="101" count="10" type="cond" truecount="2" falsecount="0"/>
        <line num="102" count="3" type="stmt"/>
        <line num="103" count="7" type="cond" truecount="2" falsecount="0"/>
        <line num="104" count="3" type="stmt"/>
        <line num="106" count="4" type="stmt"/>
        <line num="113" count="1" type="stmt"/>
        <line num="114" count="3" type="stmt"/>
        <line num="115" count="3" type="stmt"/>
        <line num="121" count="1" type="stmt"/>
        <line num="122" count="3" type="stmt"/>
        <line num="123" count="3" type="stmt"/>
        <line num="129" count="1" type="stmt"/>
        <line num="130" count="3" type="stmt"/>
        <line num="137" count="1" type="stmt"/>
        <line num="147" count="48" type="stmt"/>
        <line num="155" count="48" type="stmt"/>
        <line num="158" count="48" type="stmt"/>
        <line num="159" count="48" type="stmt"/>
        <line num="162" count="48" type="stmt"/>
        <line num="171" count="48" type="stmt"/>
        <line num="172" count="38" type="stmt"/>
        <line num="175" count="38" type="cond" truecount="2" falsecount="0"/>
        <line num="176" count="10" type="stmt"/>
        <line num="177" count="10" type="stmt"/>
        <line num="179" count="28" type="stmt"/>
        <line num="183" count="38" type="cond" truecount="1" falsecount="1"/>
        <line num="184" count="0" type="stmt"/>
        <line num="191" count="48" type="stmt"/>
        <line num="192" count="4" type="stmt"/>
        <line num="193" count="4" type="stmt"/>
        <line num="196" count="4" type="stmt"/>
        <line num="202" count="48" type="stmt"/>
        <line num="205" count="4" type="cond" truecount="4" falsecount="0"/>
        <line num="207" count="1" type="cond" truecount="1" falsecount="1"/>
        <line num="208" count="0" type="stmt"/>
        <line num="210" count="1" type="stmt"/>
        <line num="212" count="1" type="cond" truecount="1" falsecount="1"/>
        <line num="213" count="0" type="stmt"/>
        <line num="215" count="1" type="stmt"/>
        <line num="217" count="1" type="cond" truecount="1" falsecount="1"/>
        <line num="218" count="0" type="stmt"/>
        <line num="220" count="1" type="stmt"/>
        <line num="222" count="1" type="cond" truecount="1" falsecount="1"/>
        <line num="223" count="0" type="stmt"/>
        <line num="225" count="1" type="stmt"/>
        <line num="228" count="4" type="stmt"/>
        <line num="229" count="4" type="stmt"/>
        <line num="232" count="48" type="stmt"/>
        <line num="233" count="2" type="stmt"/>
        <line num="235" count="2" type="cond" truecount="2" falsecount="0"/>
        <line num="236" count="1" type="stmt"/>
        <line num="238" count="2" type="cond" truecount="2" falsecount="0"/>
        <line num="239" count="1" type="stmt"/>
        <line num="241" count="2" type="cond" truecount="2" falsecount="0"/>
        <line num="242" count="1" type="stmt"/>
        <line num="244" count="2" type="cond" truecount="2" falsecount="0"/>
        <line num="245" count="1" type="stmt"/>
        <line num="248" count="2" type="stmt"/>
        <line num="249" count="2" type="stmt"/>
        <line num="252" count="48" type="stmt"/>
        <line num="253" count="1" type="stmt"/>
        <line num="254" count="1" type="cond" truecount="1" falsecount="1"/>
        <line num="256" count="1" type="cond" truecount="3" falsecount="1"/>
        <line num="259" count="48" type="stmt"/>
        <line num="260" count="1" type="stmt"/>
        <line num="266" count="1" type="stmt"/>
        <line num="267" count="1" type="stmt"/>
        <line num="273" count="48" type="stmt"/>
        <line num="274" count="2" type="stmt"/>
        <line num="276" count="2" type="stmt"/>
        <line num="283" count="2" type="stmt"/>
        <line num="284" count="2" type="cond" truecount="2" falsecount="0"/>
        <line num="285" count="1" type="stmt"/>
        <line num="286" count="1" type="stmt"/>
        <line num="289" count="1" type="stmt"/>
        <line num="291" count="1" type="stmt"/>
        <line num="292" count="1" type="stmt"/>
        <line num="293" count="1" type="stmt"/>
        <line num="294" count="1" type="cond" truecount="3" falsecount="1"/>
        <line num="295" count="1" type="stmt"/>
        <line num="297" count="0" type="stmt"/>
        <line num="302" count="1" type="stmt"/>
        <line num="310" count="48" type="stmt"/>
        <line num="552" count="336" type="stmt"/>
      </file>
    </package>
    <package name="components.ui">
      <metrics statements="35" coveredstatements="16" conditionals="23" coveredconditionals="9" methods="1" coveredmethods="1"/>
      <file name="Button.tsx" path="/Users/andersongomes/anderson-cleaning/components/ui/Button.tsx">
        <metrics statements="35" coveredstatements="16" conditionals="23" coveredconditionals="9" methods="1" coveredmethods="1"/>
        <line num="3" count="1" type="stmt"/>
        <line num="4" count="1" type="stmt"/>
        <line num="7" count="1" type="stmt"/>
        <line num="10" count="48" type="stmt"/>
        <line num="12" count="48" type="stmt"/>
        <line num="13" count="48" type="cond" truecount="1" falsecount="6"/>
        <line num="15" count="0" type="stmt"/>
        <line num="17" count="0" type="stmt"/>
        <line num="19" count="0" type="stmt"/>
        <line num="21" count="0" type="stmt"/>
        <line num="23" count="0" type="stmt"/>
        <line num="25" count="0" type="stmt"/>
        <line num="27" count="0" type="stmt"/>
        <line num="29" count="0" type="stmt"/>
        <line num="31" count="0" type="stmt"/>
        <line num="33" count="0" type="stmt"/>
        <line num="35" count="48" type="stmt"/>
        <line num="37" count="48" type="stmt"/>
        <line num="39" count="0" type="stmt"/>
        <line num="43" count="48" type="stmt"/>
        <line num="44" count="48" type="cond" truecount="1" falsecount="3"/>
        <line num="46" count="0" type="stmt"/>
        <line num="47" count="0" type="stmt"/>
        <line num="49" count="0" type="stmt"/>
        <line num="50" count="0" type="stmt"/>
        <line num="52" count="0" type="stmt"/>
        <line num="53" count="0" type="stmt"/>
        <line num="55" count="48" type="stmt"/>
        <line num="58" count="48" type="cond" truecount="1" falsecount="1"/>
        <line num="60" count="48" type="cond" truecount="1" falsecount="1"/>
        <line num="76" count="0" type="stmt"/>
        <line num="78" count="0" type="stmt"/>
        <line num="90" count="48" type="stmt"/>
        <line num="104" count="1" type="stmt"/>
        <line num="106" count="1" type="stmt"/>
      </file>
    </package>
    <package name="lib.api">
      <metrics statements="35" coveredstatements="27" conditionals="25" coveredconditionals="16" methods="4" coveredmethods="3"/>
      <file name="handlers.ts" path="/Users/andersongomes/anderson-cleaning/lib/api/handlers.ts">
        <metrics statements="35" coveredstatements="27" conditionals="25" coveredconditionals="16" methods="4" coveredmethods="3"/>
        <line num="1" count="1" type="stmt"/>
        <line num="3" count="1" type="stmt"/>
        <line num="4" count="1" type="stmt"/>
        <line num="7" count="1" type="stmt"/>
        <line num="8" count="0" type="cond" truecount="0" falsecount="1"/>
        <line num="9" count="0" type="stmt"/>
        <line num="30" count="1" type="stmt"/>
        <line num="41" count="3" type="stmt"/>
        <line num="42" count="3" type="stmt"/>
        <line num="43" count="3" type="stmt"/>
        <line num="48" count="3" type="cond" truecount="1" falsecount="1"/>
        <line num="49" count="0" type="stmt"/>
        <line num="55" count="3" type="cond" truecount="4" falsecount="2"/>
        <line num="56" count="3" type="stmt"/>
        <line num="58" count="3" type="cond" truecount="4" falsecount="0"/>
        <line num="59" count="1" type="stmt"/>
        <line num="60" count="1" type="stmt"/>
        <line num="63" count="2" type="cond" truecount="1" falsecount="1"/>
        <line num="64" count="2" type="stmt"/>
        <line num="66" count="2" type="cond" truecount="1" falsecount="1"/>
        <line num="67" count="0" type="stmt"/>
        <line num="73" count="2" type="stmt"/>
        <line num="74" count="2" type="stmt"/>
        <line num="76" count="2" type="cond" truecount="2" falsecount="0"/>
        <line num="77" count="1" type="stmt"/>
        <line num="78" count="1" type="stmt"/>
        <line num="84" count="1" type="cond" truecount="3" falsecount="1"/>
        <line num="85" count="1" type="stmt"/>
        <line num="87" count="1" type="stmt"/>
        <line num="89" count="0" type="cond" truecount="0" falsecount="2"/>
        <line num="90" count="0" type="stmt"/>
        <line num="93" count="0" type="stmt"/>
        <line num="94" count="0" type="stmt"/>
        <line num="102" count="3" type="stmt"/>
        <line num="106" count="2" type="stmt"/>
      </file>
    </package>
  </project>
</coverage>
