{"/Users/andersongomes/anderson-cleaning/components/forms/QuoteFormInline.tsx": {"path":"/Users/andersongomes/anderson-cleaning/components/forms/QuoteFormInline.tsx","statementMap":{"0":{"start":{"line":137,"column":0},"end":{"line":137,"column":24}},"1":{"start":{"line":26,"column":0},"end":{"line":26,"column":63}},"2":{"start":{"line":27,"column":0},"end":{"line":27,"column":47}},"3":{"start":{"line":70,"column":23},"end":{"line":78,"column":null}},"4":{"start":{"line":80,"column":23},"end":{"line":85,"column":null}},"5":{"start":{"line":87,"column":27},"end":{"line":87,"column":63}},"6":{"start":{"line":96,"column":26},"end":{"line":108,"column":1}},"7":{"start":{"line":98,"column":22},"end":{"line":98,"column":46}},"8":{"start":{"line":101,"column":2},"end":{"line":107,"column":3}},"9":{"start":{"line":102,"column":4},"end":{"line":102,"column":null}},"10":{"start":{"line":103,"column":9},"end":{"line":107,"column":3}},"11":{"start":{"line":104,"column":4},"end":{"line":104,"column":null}},"12":{"start":{"line":106,"column":4},"end":{"line":106,"column":null}},"13":{"start":{"line":113,"column":21},"end":{"line":116,"column":1}},"14":{"start":{"line":114,"column":21},"end":{"line":114,"column":49}},"15":{"start":{"line":115,"column":2},"end":{"line":115,"column":null}},"16":{"start":{"line":121,"column":21},"end":{"line":124,"column":1}},"17":{"start":{"line":122,"column":22},"end":{"line":122,"column":46}},"18":{"start":{"line":123,"column":2},"end":{"line":123,"column":null}},"19":{"start":{"line":129,"column":20},"end":{"line":131,"column":1}},"20":{"start":{"line":130,"column":2},"end":{"line":130,"column":null}},"21":{"start":{"line":147,"column":34},"end":{"line":152,"column":4}},"22":{"start":{"line":155,"column":30},"end":{"line":155,"column":54}},"23":{"start":{"line":158,"column":42},"end":{"line":158,"column":57}},"24":{"start":{"line":159,"column":36},"end":{"line":159,"column":51}},"25":{"start":{"line":162,"column":32},"end":{"line":162,"column":69}},"26":{"start":{"line":171,"column":23},"end":{"line":186,"column":3}},"27":{"start":{"line":172,"column":28},"end":{"line":172,"column":36}},"28":{"start":{"line":175,"column":4},"end":{"line":180,"column":5}},"29":{"start":{"line":176,"column":29},"end":{"line":176,"column":53}},"30":{"start":{"line":177,"column":6},"end":{"line":177,"column":null}},"31":{"start":{"line":177,"column":29},"end":{"line":177,"column":64}},"32":{"start":{"line":179,"column":6},"end":{"line":179,"column":null}},"33":{"start":{"line":179,"column":29},"end":{"line":179,"column":55}},"34":{"start":{"line":183,"column":4},"end":{"line":185,"column":5}},"35":{"start":{"line":184,"column":6},"end":{"line":184,"column":null}},"36":{"start":{"line":184,"column":27},"end":{"line":184,"column":57}},"37":{"start":{"line":191,"column":21},"end":{"line":197,"column":3}},"38":{"start":{"line":192,"column":21},"end":{"line":192,"column":29}},"39":{"start":{"line":193,"column":4},"end":{"line":193,"column":null}},"40":{"start":{"line":193,"column":26},"end":{"line":193,"column":51}},"41":{"start":{"line":196,"column":4},"end":{"line":196,"column":null}},"42":{"start":{"line":202,"column":24},"end":{"line":230,"column":3}},"43":{"start":{"line":205,"column":4},"end":{"line":226,"column":5}},"44":{"start":{"line":207,"column":8},"end":{"line":209,"column":9}},"45":{"start":{"line":208,"column":10},"end":{"line":208,"column":null}},"46":{"start":{"line":210,"column":8},"end":{"line":210,"column":13}},"47":{"start":{"line":212,"column":8},"end":{"line":214,"column":9}},"48":{"start":{"line":213,"column":10},"end":{"line":213,"column":null}},"49":{"start":{"line":215,"column":8},"end":{"line":215,"column":13}},"50":{"start":{"line":217,"column":8},"end":{"line":219,"column":9}},"51":{"start":{"line":218,"column":10},"end":{"line":218,"column":null}},"52":{"start":{"line":220,"column":8},"end":{"line":220,"column":13}},"53":{"start":{"line":222,"column":8},"end":{"line":224,"column":9}},"54":{"start":{"line":223,"column":10},"end":{"line":223,"column":null}},"55":{"start":{"line":225,"column":8},"end":{"line":225,"column":13}},"56":{"start":{"line":228,"column":4},"end":{"line":228,"column":null}},"57":{"start":{"line":228,"column":25},"end":{"line":228,"column":56}},"58":{"start":{"line":229,"column":4},"end":{"line":229,"column":null}},"59":{"start":{"line":232,"column":23},"end":{"line":250,"column":3}},"60":{"start":{"line":233,"column":34},"end":{"line":233,"column":36}},"61":{"start":{"line":235,"column":4},"end":{"line":237,"column":5}},"62":{"start":{"line":236,"column":6},"end":{"line":236,"column":null}},"63":{"start":{"line":238,"column":4},"end":{"line":240,"column":5}},"64":{"start":{"line":239,"column":6},"end":{"line":239,"column":null}},"65":{"start":{"line":241,"column":4},"end":{"line":243,"column":5}},"66":{"start":{"line":242,"column":6},"end":{"line":242,"column":null}},"67":{"start":{"line":244,"column":4},"end":{"line":246,"column":5}},"68":{"start":{"line":245,"column":6},"end":{"line":245,"column":null}},"69":{"start":{"line":248,"column":4},"end":{"line":248,"column":null}},"70":{"start":{"line":249,"column":4},"end":{"line":249,"column":null}},"71":{"start":{"line":252,"column":31},"end":{"line":257,"column":3}},"72":{"start":{"line":253,"column":28},"end":{"line":253,"column":54}},"73":{"start":{"line":254,"column":4},"end":{"line":254,"column":32}},"74":{"start":{"line":254,"column":26},"end":{"line":254,"column":32}},"75":{"start":{"line":256,"column":4},"end":{"line":256,"column":null}},"76":{"start":{"line":259,"column":26},"end":{"line":268,"column":3}},"77":{"start":{"line":260,"column":4},"end":{"line":265,"column":null}},"78":{"start":{"line":266,"column":4},"end":{"line":266,"column":null}},"79":{"start":{"line":267,"column":4},"end":{"line":267,"column":null}},"80":{"start":{"line":273,"column":23},"end":{"line":304,"column":3}},"81":{"start":{"line":274,"column":4},"end":{"line":274,"column":null}},"82":{"start":{"line":276,"column":4},"end":{"line":281,"column":null}},"83":{"start":{"line":283,"column":23},"end":{"line":283,"column":37}},"84":{"start":{"line":284,"column":4},"end":{"line":287,"column":5}},"85":{"start":{"line":285,"column":6},"end":{"line":285,"column":null}},"86":{"start":{"line":286,"column":6},"end":{"line":286,"column":12}},"87":{"start":{"line":289,"column":4},"end":{"line":289,"column":null}},"88":{"start":{"line":291,"column":4},"end":{"line":303,"column":5}},"89":{"start":{"line":292,"column":6},"end":{"line":292,"column":null}},"90":{"start":{"line":292,"column":37},"end":{"line":292,"column":62}},"91":{"start":{"line":293,"column":6},"end":{"line":293,"column":null}},"92":{"start":{"line":294,"column":6},"end":{"line":294,"column":null}},"93":{"start":{"line":295,"column":6},"end":{"line":295,"column":null}},"94":{"start":{"line":297,"column":6},"end":{"line":300,"column":null}},"95":{"start":{"line":297,"column":27},"end":{"line":300,"column":8}},"96":{"start":{"line":302,"column":6},"end":{"line":302,"column":null}},"97":{"start":{"line":310,"column":2},"end":{"line":585,"column":null}},"98":{"start":{"line":552,"column":14},"end":{"line":552,"column":39}}},"fnMap":{"0":{"name":"(anonymous_9)","decl":{"start":{"line":96,"column":26},"end":{"line":96,"column":27}},"loc":{"start":{"line":96,"column":52},"end":{"line":108,"column":1}}},"1":{"name":"(anonymous_10)","decl":{"start":{"line":113,"column":21},"end":{"line":113,"column":22}},"loc":{"start":{"line":113,"column":48},"end":{"line":116,"column":1}}},"2":{"name":"(anonymous_11)","decl":{"start":{"line":121,"column":21},"end":{"line":121,"column":22}},"loc":{"start":{"line":121,"column":48},"end":{"line":124,"column":1}}},"3":{"name":"(anonymous_12)","decl":{"start":{"line":129,"column":20},"end":{"line":129,"column":21}},"loc":{"start":{"line":129,"column":46},"end":{"line":131,"column":1}}},"4":{"name":"QuoteFormInline","decl":{"start":{"line":137,"column":24},"end":{"line":137,"column":39}},"loc":{"start":{"line":141,"column":23},"end":{"line":586,"column":1}}},"5":{"name":"(anonymous_14)","decl":{"start":{"line":171,"column":23},"end":{"line":171,"column":24}},"loc":{"start":{"line":171,"column":80},"end":{"line":186,"column":3}}},"6":{"name":"(anonymous_15)","decl":{"start":{"line":177,"column":18},"end":{"line":177,"column":19}},"loc":{"start":{"line":177,"column":29},"end":{"line":177,"column":64}}},"7":{"name":"(anonymous_16)","decl":{"start":{"line":179,"column":18},"end":{"line":179,"column":19}},"loc":{"start":{"line":179,"column":29},"end":{"line":179,"column":55}}},"8":{"name":"(anonymous_17)","decl":{"start":{"line":184,"column":16},"end":{"line":184,"column":17}},"loc":{"start":{"line":184,"column":27},"end":{"line":184,"column":57}}},"9":{"name":"(anonymous_18)","decl":{"start":{"line":191,"column":21},"end":{"line":191,"column":22}},"loc":{"start":{"line":191,"column":78},"end":{"line":197,"column":3}}},"10":{"name":"(anonymous_19)","decl":{"start":{"line":193,"column":15},"end":{"line":193,"column":16}},"loc":{"start":{"line":193,"column":26},"end":{"line":193,"column":51}}},"11":{"name":"(anonymous_20)","decl":{"start":{"line":202,"column":24},"end":{"line":202,"column":25}},"loc":{"start":{"line":202,"column":78},"end":{"line":230,"column":3}}},"12":{"name":"(anonymous_21)","decl":{"start":{"line":228,"column":14},"end":{"line":228,"column":15}},"loc":{"start":{"line":228,"column":25},"end":{"line":228,"column":56}}},"13":{"name":"(anonymous_22)","decl":{"start":{"line":232,"column":23},"end":{"line":232,"column":38}},"loc":{"start":{"line":232,"column":40},"end":{"line":250,"column":3}}},"14":{"name":"(anonymous_23)","decl":{"start":{"line":252,"column":31},"end":{"line":252,"column":32}},"loc":{"start":{"line":252,"column":58},"end":{"line":257,"column":3}}},"15":{"name":"(anonymous_24)","decl":{"start":{"line":259,"column":26},"end":{"line":259,"column":29}},"loc":{"start":{"line":259,"column":31},"end":{"line":268,"column":3}}},"16":{"name":"(anonymous_25)","decl":{"start":{"line":273,"column":23},"end":{"line":273,"column":28}},"loc":{"start":{"line":273,"column":63},"end":{"line":304,"column":3}}},"17":{"name":"(anonymous_26)","decl":{"start":{"line":292,"column":24},"end":{"line":292,"column":25}},"loc":{"start":{"line":292,"column":37},"end":{"line":292,"column":62}}},"18":{"name":"(anonymous_27)","decl":{"start":{"line":297,"column":16},"end":{"line":297,"column":17}},"loc":{"start":{"line":297,"column":27},"end":{"line":300,"column":8}}},"19":{"name":"(anonymous_28)","decl":{"start":{"line":551,"column":32},"end":{"line":551,"column":33}},"loc":{"start":{"line":552,"column":14},"end":{"line":552,"column":39}}}},"branchMap":{"0":{"loc":{"start":{"line":101,"column":2},"end":{"line":107,"column":3}},"type":"if","locations":[{"start":{"line":101,"column":2},"end":{"line":107,"column":3}},{"start":{"line":103,"column":9},"end":{"line":107,"column":3}}]},"1":{"loc":{"start":{"line":103,"column":9},"end":{"line":107,"column":3}},"type":"if","locations":[{"start":{"line":103,"column":9},"end":{"line":107,"column":3}},{"start":{"line":105,"column":9},"end":{"line":107,"column":3}}]},"2":{"loc":{"start":{"line":139,"column":2},"end":{"line":139,"column":16}},"type":"default-arg","locations":[{"start":{"line":139,"column":14},"end":{"line":139,"column":16}}]},"3":{"loc":{"start":{"line":140,"column":2},"end":{"line":140,"column":21}},"type":"default-arg","locations":[{"start":{"line":140,"column":12},"end":{"line":140,"column":21}}]},"4":{"loc":{"start":{"line":175,"column":4},"end":{"line":180,"column":5}},"type":"if","locations":[{"start":{"line":175,"column":4},"end":{"line":180,"column":5}},{"start":{"line":178,"column":11},"end":{"line":180,"column":5}}]},"5":{"loc":{"start":{"line":183,"column":4},"end":{"line":185,"column":5}},"type":"if","locations":[{"start":{"line":183,"column":4},"end":{"line":185,"column":5}},{"start":{},"end":{}}]},"6":{"loc":{"start":{"line":205,"column":4},"end":{"line":226,"column":5}},"type":"switch","locations":[{"start":{"line":206,"column":6},"end":{"line":210,"column":13}},{"start":{"line":211,"column":6},"end":{"line":215,"column":13}},{"start":{"line":216,"column":6},"end":{"line":220,"column":13}},{"start":{"line":221,"column":6},"end":{"line":225,"column":13}}]},"7":{"loc":{"start":{"line":207,"column":8},"end":{"line":209,"column":9}},"type":"if","locations":[{"start":{"line":207,"column":8},"end":{"line":209,"column":9}},{"start":{},"end":{}}]},"8":{"loc":{"start":{"line":212,"column":8},"end":{"line":214,"column":9}},"type":"if","locations":[{"start":{"line":212,"column":8},"end":{"line":214,"column":9}},{"start":{},"end":{}}]},"9":{"loc":{"start":{"line":217,"column":8},"end":{"line":219,"column":9}},"type":"if","locations":[{"start":{"line":217,"column":8},"end":{"line":219,"column":9}},{"start":{},"end":{}}]},"10":{"loc":{"start":{"line":222,"column":8},"end":{"line":224,"column":9}},"type":"if","locations":[{"start":{"line":222,"column":8},"end":{"line":224,"column":9}},{"start":{},"end":{}}]},"11":{"loc":{"start":{"line":235,"column":4},"end":{"line":237,"column":5}},"type":"if","locations":[{"start":{"line":235,"column":4},"end":{"line":237,"column":5}},{"start":{},"end":{}}]},"12":{"loc":{"start":{"line":238,"column":4},"end":{"line":240,"column":5}},"type":"if","locations":[{"start":{"line":238,"column":4},"end":{"line":240,"column":5}},{"start":{},"end":{}}]},"13":{"loc":{"start":{"line":241,"column":4},"end":{"line":243,"column":5}},"type":"if","locations":[{"start":{"line":241,"column":4},"end":{"line":243,"column":5}},{"start":{},"end":{}}]},"14":{"loc":{"start":{"line":244,"column":4},"end":{"line":246,"column":5}},"type":"if","locations":[{"start":{"line":244,"column":4},"end":{"line":246,"column":5}},{"start":{},"end":{}}]},"15":{"loc":{"start":{"line":254,"column":4},"end":{"line":254,"column":32}},"type":"if","locations":[{"start":{"line":254,"column":4},"end":{"line":254,"column":32}},{"start":{},"end":{}}]},"16":{"loc":{"start":{"line":256,"column":4},"end":{"line":256,"column":53}},"type":"cond-expr","locations":[{"start":{"line":256,"column":44},"end":{"line":256,"column":46}},{"start":{"line":256,"column":44},"end":{"line":256,"column":53}}]},"17":{"loc":{"start":{"line":256,"column":4},"end":{"line":256,"column":46}},"type":"binary-expr","locations":[{"start":{"line":256,"column":4},"end":{"line":256,"column":46}},{"start":{"line":256,"column":44},"end":{"line":256,"column":46}}]},"18":{"loc":{"start":{"line":284,"column":4},"end":{"line":287,"column":5}},"type":"if","locations":[{"start":{"line":284,"column":4},"end":{"line":287,"column":5}},{"start":{},"end":{}}]},"19":{"loc":{"start":{"line":294,"column":6},"end":{"line":294,"column":33}},"type":"cond-expr","locations":[{"start":{"line":294,"column":21},"end":{"line":294,"column":24}},{"start":{"line":294,"column":6},"end":{"line":294,"column":33}}]},"20":{"loc":{"start":{"line":294,"column":6},"end":{"line":294,"column":24}},"type":"binary-expr","locations":[{"start":{"line":294,"column":6},"end":{"line":294,"column":24}},{"start":{"line":294,"column":6},"end":{"line":294,"column":24}}]},"21":{"loc":{"start":{"line":333,"column":7},"end":{"line":351,"column":null}},"type":"binary-expr","locations":[{"start":{"line":333,"column":7},"end":{"line":333,"column":16}},{"start":{"line":334,"column":8},"end":{"line":350,"column":null}}]},"22":{"loc":{"start":{"line":372,"column":30},"end":{"line":372,"column":68}},"type":"cond-expr","locations":[{"start":{"line":372,"column":44},"end":{"line":372,"column":56}},{"start":{"line":372,"column":59},"end":{"line":372,"column":68}}]},"23":{"loc":{"start":{"line":380,"column":16},"end":{"line":382,"column":null}},"type":"cond-expr","locations":[{"start":{"line":381,"column":18},"end":{"line":381,"column":52}},{"start":{"line":382,"column":18},"end":{"line":382,"column":null}}]},"24":{"loc":{"start":{"line":380,"column":16},"end":{"line":380,"column":43}},"type":"binary-expr","locations":[{"start":{"line":380,"column":16},"end":{"line":380,"column":27}},{"start":{"line":380,"column":31},"end":{"line":380,"column":43}}]},"25":{"loc":{"start":{"line":396,"column":11},"end":{"line":404,"column":null}},"type":"binary-expr","locations":[{"start":{"line":396,"column":11},"end":{"line":396,"column":22}},{"start":{"line":396,"column":26},"end":{"line":396,"column":38}},{"start":{"line":397,"column":12},"end":{"line":403,"column":null}}]},"26":{"loc":{"start":{"line":424,"column":30},"end":{"line":424,"column":70}},"type":"cond-expr","locations":[{"start":{"line":424,"column":45},"end":{"line":424,"column":58}},{"start":{"line":424,"column":61},"end":{"line":424,"column":70}}]},"27":{"loc":{"start":{"line":432,"column":16},"end":{"line":434,"column":null}},"type":"cond-expr","locations":[{"start":{"line":433,"column":18},"end":{"line":433,"column":52}},{"start":{"line":434,"column":18},"end":{"line":434,"column":null}}]},"28":{"loc":{"start":{"line":432,"column":16},"end":{"line":432,"column":45}},"type":"binary-expr","locations":[{"start":{"line":432,"column":16},"end":{"line":432,"column":28}},{"start":{"line":432,"column":32},"end":{"line":432,"column":45}}]},"29":{"loc":{"start":{"line":448,"column":11},"end":{"line":456,"column":null}},"type":"binary-expr","locations":[{"start":{"line":448,"column":11},"end":{"line":448,"column":23}},{"start":{"line":448,"column":27},"end":{"line":448,"column":40}},{"start":{"line":449,"column":12},"end":{"line":455,"column":null}}]},"30":{"loc":{"start":{"line":476,"column":30},"end":{"line":476,"column":70}},"type":"cond-expr","locations":[{"start":{"line":476,"column":45},"end":{"line":476,"column":58}},{"start":{"line":476,"column":61},"end":{"line":476,"column":70}}]},"31":{"loc":{"start":{"line":484,"column":16},"end":{"line":486,"column":null}},"type":"cond-expr","locations":[{"start":{"line":485,"column":18},"end":{"line":485,"column":52}},{"start":{"line":486,"column":18},"end":{"line":486,"column":null}}]},"32":{"loc":{"start":{"line":484,"column":16},"end":{"line":484,"column":45}},"type":"binary-expr","locations":[{"start":{"line":484,"column":16},"end":{"line":484,"column":28}},{"start":{"line":484,"column":32},"end":{"line":484,"column":45}}]},"33":{"loc":{"start":{"line":501,"column":11},"end":{"line":509,"column":null}},"type":"binary-expr","locations":[{"start":{"line":501,"column":11},"end":{"line":501,"column":23}},{"start":{"line":501,"column":27},"end":{"line":501,"column":40}},{"start":{"line":502,"column":12},"end":{"line":508,"column":null}}]},"34":{"loc":{"start":{"line":528,"column":30},"end":{"line":528,"column":84}},"type":"cond-expr","locations":[{"start":{"line":528,"column":52},"end":{"line":528,"column":72}},{"start":{"line":528,"column":75},"end":{"line":528,"column":84}}]},"35":{"loc":{"start":{"line":536,"column":16},"end":{"line":538,"column":null}},"type":"cond-expr","locations":[{"start":{"line":537,"column":18},"end":{"line":537,"column":52}},{"start":{"line":538,"column":18},"end":{"line":538,"column":null}}]},"36":{"loc":{"start":{"line":536,"column":16},"end":{"line":536,"column":59}},"type":"binary-expr","locations":[{"start":{"line":536,"column":16},"end":{"line":536,"column":35}},{"start":{"line":536,"column":39},"end":{"line":536,"column":59}}]},"37":{"loc":{"start":{"line":557,"column":11},"end":{"line":565,"column":null}},"type":"binary-expr","locations":[{"start":{"line":557,"column":11},"end":{"line":557,"column":30}},{"start":{"line":557,"column":34},"end":{"line":557,"column":54}},{"start":{"line":558,"column":12},"end":{"line":564,"column":null}}]},"38":{"loc":{"start":{"line":574,"column":20},"end":{"line":574,"column":45}},"type":"binary-expr","locations":[{"start":{"line":574,"column":20},"end":{"line":574,"column":32}},{"start":{"line":574,"column":36},"end":{"line":574,"column":45}}]},"39":{"loc":{"start":{"line":576,"column":11},"end":{"line":576,"column":87}},"type":"cond-expr","locations":[{"start":{"line":576,"column":26},"end":{"line":576,"column":41}},{"start":{"line":576,"column":44},"end":{"line":576,"column":87}}]},"40":{"loc":{"start":{"line":576,"column":44},"end":{"line":576,"column":87}},"type":"cond-expr","locations":[{"start":{"line":576,"column":56},"end":{"line":576,"column":68}},{"start":{"line":576,"column":71},"end":{"line":576,"column":87}}]}},"s":{"0":1,"1":1,"2":1,"3":1,"4":1,"5":1,"6":1,"7":10,"8":10,"9":3,"10":7,"11":3,"12":4,"13":1,"14":3,"15":3,"16":1,"17":3,"18":3,"19":1,"20":3,"21":48,"22":48,"23":48,"24":48,"25":48,"26":48,"27":38,"28":38,"29":10,"30":10,"31":10,"32":28,"33":28,"34":38,"35":0,"36":0,"37":48,"38":4,"39":4,"40":4,"41":4,"42":48,"43":4,"44":1,"45":0,"46":1,"47":1,"48":0,"49":1,"50":1,"51":0,"52":1,"53":1,"54":0,"55":1,"56":4,"57":4,"58":4,"59":48,"60":2,"61":2,"62":1,"63":2,"64":1,"65":2,"66":1,"67":2,"68":1,"69":2,"70":2,"71":48,"72":1,"73":1,"74":0,"75":1,"76":48,"77":1,"78":1,"79":1,"80":48,"81":2,"82":2,"83":2,"84":2,"85":1,"86":1,"87":1,"88":1,"89":1,"90":1,"91":1,"92":1,"93":1,"94":0,"95":0,"96":1,"97":48,"98":336},"f":{"0":10,"1":3,"2":3,"3":3,"4":48,"5":38,"6":10,"7":28,"8":0,"9":4,"10":4,"11":4,"12":4,"13":2,"14":1,"15":1,"16":2,"17":1,"18":0,"19":336},"b":{"0":[3,7],"1":[3,4],"2":[48],"3":[48],"4":[10,28],"5":[0,38],"6":[1,1,1,1],"7":[0,1],"8":[0,1],"9":[0,1],"10":[0,1],"11":[1,1],"12":[1,1],"13":[1,1],"14":[1,1],"15":[0,1],"16":[0,1],"17":[1,1],"18":[1,1],"19":[0,1],"20":[1,1],"21":[48,1],"22":[1,47],"23":[1,47],"24":[48,1],"25":[48,1,1],"26":[1,47],"27":[1,47],"28":[48,1],"29":[48,1,1],"30":[1,47],"31":[1,47],"32":[48,1],"33":[48,1,1],"34":[1,47],"35":[1,47],"36":[48,1],"37":[48,1,1],"38":[48,47],"39":[1,47],"40":[1,46]}}
,"/Users/andersongomes/anderson-cleaning/components/ui/Button.tsx": {"path":"/Users/andersongomes/anderson-cleaning/components/ui/Button.tsx","statementMap":{"0":{"start":{"line":3,"column":0},"end":{"line":3,"column":41}},"1":{"start":{"line":4,"column":0},"end":{"line":4,"column":38}},"2":{"start":{"line":7,"column":15},"end":{"line":102,"column":null}},"3":{"start":{"line":10,"column":6},"end":{"line":10,"column":295}},"4":{"start":{"line":12,"column":24},"end":{"line":12,"column":26}},"5":{"start":{"line":13,"column":4},"end":{"line":41,"column":5}},"6":{"start":{"line":15,"column":8},"end":{"line":16,"column":null}},"7":{"start":{"line":17,"column":8},"end":{"line":17,"column":13}},"8":{"start":{"line":19,"column":8},"end":{"line":20,"column":null}},"9":{"start":{"line":21,"column":8},"end":{"line":21,"column":13}},"10":{"start":{"line":23,"column":8},"end":{"line":24,"column":null}},"11":{"start":{"line":25,"column":8},"end":{"line":25,"column":13}},"12":{"start":{"line":27,"column":8},"end":{"line":28,"column":null}},"13":{"start":{"line":29,"column":8},"end":{"line":29,"column":13}},"14":{"start":{"line":31,"column":8},"end":{"line":32,"column":null}},"15":{"start":{"line":33,"column":8},"end":{"line":33,"column":13}},"16":{"start":{"line":35,"column":8},"end":{"line":36,"column":null}},"17":{"start":{"line":37,"column":8},"end":{"line":37,"column":13}},"18":{"start":{"line":39,"column":8},"end":{"line":40,"column":null}},"19":{"start":{"line":43,"column":21},"end":{"line":43,"column":23}},"20":{"start":{"line":44,"column":4},"end":{"line":56,"column":5}},"21":{"start":{"line":46,"column":8},"end":{"line":46,"column":null}},"22":{"start":{"line":47,"column":8},"end":{"line":47,"column":13}},"23":{"start":{"line":49,"column":8},"end":{"line":49,"column":null}},"24":{"start":{"line":50,"column":8},"end":{"line":50,"column":13}},"25":{"start":{"line":52,"column":8},"end":{"line":52,"column":null}},"26":{"start":{"line":53,"column":8},"end":{"line":53,"column":13}},"27":{"start":{"line":55,"column":8},"end":{"line":55,"column":null}},"28":{"start":{"line":58,"column":27},"end":{"line":58,"column":92}},"29":{"start":{"line":60,"column":4},"end":{"line":101,"column":5}},"30":{"start":{"line":76,"column":10},"end":{"line":76,"column":15}},"31":{"start":{"line":78,"column":6},"end":{"line":87,"column":null}},"32":{"start":{"line":90,"column":6},"end":{"line":100,"column":null}},"33":{"start":{"line":106,"column":9},"end":{"line":106,"column":15}},"34":{"start":{"line":104,"column":0},"end":{"line":104,"column":null}}},"fnMap":{"0":{"name":"(anonymous_9)","decl":{"start":{"line":8,"column":2},"end":{"line":8,"column":3}},"loc":{"start":{"line":8,"column":96},"end":{"line":102,"column":3}}}},"branchMap":{"0":{"loc":{"start":{"line":8,"column":31},"end":{"line":8,"column":46}},"type":"default-arg","locations":[{"start":{"line":8,"column":41},"end":{"line":8,"column":46}}]},"1":{"loc":{"start":{"line":8,"column":48},"end":{"line":8,"column":65}},"type":"default-arg","locations":[{"start":{"line":8,"column":60},"end":{"line":8,"column":65}}]},"2":{"loc":{"start":{"line":13,"column":4},"end":{"line":41,"column":5}},"type":"switch","locations":[{"start":{"line":14,"column":6},"end":{"line":17,"column":13}},{"start":{"line":18,"column":6},"end":{"line":21,"column":13}},{"start":{"line":22,"column":6},"end":{"line":25,"column":13}},{"start":{"line":26,"column":6},"end":{"line":29,"column":13}},{"start":{"line":30,"column":6},"end":{"line":33,"column":13}},{"start":{"line":34,"column":6},"end":{"line":37,"column":13}},{"start":{"line":38,"column":6},"end":{"line":40,"column":null}}]},"3":{"loc":{"start":{"line":44,"column":4},"end":{"line":56,"column":5}},"type":"switch","locations":[{"start":{"line":45,"column":6},"end":{"line":47,"column":13}},{"start":{"line":48,"column":6},"end":{"line":50,"column":13}},{"start":{"line":51,"column":6},"end":{"line":53,"column":13}},{"start":{"line":54,"column":6},"end":{"line":55,"column":null}}]},"4":{"loc":{"start":{"line":58,"column":75},"end":{"line":58,"column":90}},"type":"binary-expr","locations":[{"start":{"line":58,"column":75},"end":{"line":58,"column":84}},{"start":{"line":58,"column":88},"end":{"line":58,"column":90}}]},"5":{"loc":{"start":{"line":60,"column":4},"end":{"line":101,"column":5}},"type":"if","locations":[{"start":{"line":60,"column":4},"end":{"line":101,"column":5}},{"start":{"line":88,"column":11},"end":{"line":101,"column":5}}]},"6":{"loc":{"start":{"line":84,"column":11},"end":{"line":84,"column":73}},"type":"binary-expr","locations":[{"start":{"line":84,"column":11},"end":{"line":84,"column":20}},{"start":{"line":84,"column":24},"end":{"line":84,"column":73}}]},"7":{"loc":{"start":{"line":95,"column":20},"end":{"line":95,"column":47}},"type":"binary-expr","locations":[{"start":{"line":95,"column":20},"end":{"line":95,"column":34}},{"start":{"line":95,"column":38},"end":{"line":95,"column":47}}]},"8":{"loc":{"start":{"line":97,"column":11},"end":{"line":97,"column":73}},"type":"binary-expr","locations":[{"start":{"line":97,"column":11},"end":{"line":97,"column":20}},{"start":{"line":97,"column":24},"end":{"line":97,"column":73}}]}},"s":{"0":1,"1":1,"2":1,"3":48,"4":48,"5":48,"6":0,"7":0,"8":0,"9":0,"10":0,"11":0,"12":0,"13":0,"14":0,"15":0,"16":48,"17":48,"18":0,"19":48,"20":48,"21":0,"22":0,"23":0,"24":0,"25":0,"26":0,"27":48,"28":48,"29":48,"30":0,"31":0,"32":48,"33":1,"34":1},"f":{"0":48},"b":{"0":[48],"1":[48],"2":[0,0,0,0,0,48,0],"3":[0,0,0,48],"4":[48,0],"5":[0,48],"6":[0,0],"7":[48,46],"8":[48,0]}}
,"/Users/andersongomes/anderson-cleaning/lib/api/handlers.ts": {"path":"/Users/andersongomes/anderson-cleaning/lib/api/handlers.ts","statementMap":{"0":{"start":{"line":30,"column":0},"end":{"line":30,"column":7}},"1":{"start":{"line":1,"column":0},"end":{"line":1,"column":55}},"2":{"start":{"line":3,"column":0},"end":{"line":3,"column":65}},"3":{"start":{"line":4,"column":0},"end":{"line":4,"column":73}},"4":{"start":{"line":9,"column":4},"end":{"line":9,"column":null}},"5":{"start":{"line":8,"column":38},"end":{"line":8,"column":47}},"6":{"start":{"line":7,"column":0},"end":{"line":7,"column":13}},"7":{"start":{"line":41,"column":2},"end":{"line":98,"column":3}},"8":{"start":{"line":42,"column":21},"end":{"line":42,"column":49}},"9":{"start":{"line":43,"column":24},"end":{"line":46,"column":6}},"10":{"start":{"line":48,"column":4},"end":{"line":53,"column":5}},"11":{"start":{"line":49,"column":6},"end":{"line":52,"column":null}},"12":{"start":{"line":55,"column":19},"end":{"line":55,"column":95}},"13":{"start":{"line":56,"column":20},"end":{"line":56,"column":34}},"14":{"start":{"line":58,"column":4},"end":{"line":61,"column":5}},"15":{"start":{"line":59,"column":6},"end":{"line":59,"column":null}},"16":{"start":{"line":60,"column":6},"end":{"line":60,"column":null}},"17":{"start":{"line":63,"column":22},"end":{"line":63,"column":60}},"18":{"start":{"line":64,"column":29},"end":{"line":64,"column":56}},"19":{"start":{"line":66,"column":4},"end":{"line":71,"column":5}},"20":{"start":{"line":67,"column":6},"end":{"line":70,"column":null}},"21":{"start":{"line":73,"column":49},"end":{"line":73,"column":83}},"22":{"start":{"line":74,"column":21},"end":{"line":74,"column":74}},"23":{"start":{"line":76,"column":4},"end":{"line":82,"column":5}},"24":{"start":{"line":77,"column":6},"end":{"line":77,"column":null}},"25":{"start":{"line":78,"column":6},"end":{"line":81,"column":null}},"26":{"start":{"line":84,"column":4},"end":{"line":84,"column":null}},"27":{"start":{"line":85,"column":4},"end":{"line":85,"column":null}},"28":{"start":{"line":87,"column":4},"end":{"line":87,"column":null}},"29":{"start":{"line":89,"column":4},"end":{"line":91,"column":5}},"30":{"start":{"line":90,"column":6},"end":{"line":90,"column":null}},"31":{"start":{"line":93,"column":4},"end":{"line":93,"column":null}},"32":{"start":{"line":94,"column":4},"end":{"line":97,"column":null}},"33":{"start":{"line":102,"column":2},"end":{"line":102,"column":null}},"34":{"start":{"line":106,"column":2},"end":{"line":120,"column":null}}},"fnMap":{"0":{"name":"(anonymous_0)","decl":{"start":{"line":8,"column":2},"end":{"line":8,"column":14}},"loc":{"start":{"line":8,"column":50},"end":{"line":10,"column":3}}},"1":{"name":"handleSubmission","decl":{"start":{"line":30,"column":22},"end":{"line":30,"column":38}},"loc":{"start":{"line":40,"column":29},"end":{"line":99,"column":1}}},"2":{"name":"defaultParser","decl":{"start":{"line":101,"column":15},"end":{"line":101,"column":28}},"loc":{"start":{"line":101,"column":49},"end":{"line":103,"column":1}}},"3":{"name":"successResponse","decl":{"start":{"line":105,"column":9},"end":{"line":105,"column":24}},"loc":{"start":{"line":105,"column":104},"end":{"line":121,"column":1}}}},"branchMap":{"0":{"loc":{"start":{"line":8,"column":38},"end":{"line":8,"column":50}},"type":"default-arg","locations":[{"start":{"line":8,"column":47},"end":{"line":8,"column":50}}]},"1":{"loc":{"start":{"line":48,"column":4},"end":{"line":53,"column":5}},"type":"if","locations":[{"start":{"line":48,"column":4},"end":{"line":53,"column":5}},{"start":{},"end":{}}]},"2":{"loc":{"start":{"line":55,"column":19},"end":{"line":55,"column":95}},"type":"cond-expr","locations":[{"start":{"line":55,"column":76},"end":{"line":55,"column":80}},{"start":{"line":55,"column":80},"end":{"line":55,"column":95}}]},"3":{"loc":{"start":{"line":55,"column":19},"end":{"line":55,"column":80}},"type":"binary-expr","locations":[{"start":{"line":55,"column":19},"end":{"line":55,"column":80}},{"start":{"line":55,"column":76},"end":{"line":55,"column":80}}]},"4":{"loc":{"start":{"line":55,"column":27},"end":{"line":55,"column":74}},"type":"cond-expr","locations":[{"start":{"line":55,"column":35},"end":{"line":55,"column":49}},{"start":{"line":55,"column":52},"end":{"line":55,"column":74}}]},"5":{"loc":{"start":{"line":58,"column":4},"end":{"line":61,"column":5}},"type":"if","locations":[{"start":{"line":58,"column":4},"end":{"line":61,"column":5}},{"start":{},"end":{}}]},"6":{"loc":{"start":{"line":58,"column":8},"end":{"line":58,"column":48}},"type":"binary-expr","locations":[{"start":{"line":58,"column":8},"end":{"line":58,"column":21}},{"start":{"line":58,"column":25},"end":{"line":58,"column":48}}]},"7":{"loc":{"start":{"line":63,"column":22},"end":{"line":63,"column":60}},"type":"cond-expr","locations":[{"start":{"line":63,"column":33},"end":{"line":63,"column":50}},{"start":{"line":63,"column":53},"end":{"line":63,"column":60}}]},"8":{"loc":{"start":{"line":66,"column":4},"end":{"line":71,"column":5}},"type":"if","locations":[{"start":{"line":66,"column":4},"end":{"line":71,"column":5}},{"start":{},"end":{}}]},"9":{"loc":{"start":{"line":76,"column":4},"end":{"line":82,"column":5}},"type":"if","locations":[{"start":{"line":76,"column":4},"end":{"line":82,"column":5}},{"start":{},"end":{}}]},"10":{"loc":{"start":{"line":84,"column":10},"end":{"line":84,"column":60}},"type":"cond-expr","locations":[{"start":{"line":84,"column":16},"end":{"line":84,"column":19}},{"start":{"line":84,"column":10},"end":{"line":84,"column":60}}]},"11":{"loc":{"start":{"line":84,"column":10},"end":{"line":84,"column":19}},"type":"binary-expr","locations":[{"start":{"line":84,"column":10},"end":{"line":84,"column":19}},{"start":{"line":84,"column":10},"end":{"line":84,"column":19}}]},"12":{"loc":{"start":{"line":89,"column":4},"end":{"line":91,"column":5}},"type":"if","locations":[{"start":{"line":89,"column":4},"end":{"line":91,"column":5}},{"start":{},"end":{}}]}},"s":{"0":1,"1":1,"2":1,"3":1,"4":0,"5":0,"6":1,"7":3,"8":3,"9":3,"10":3,"11":0,"12":3,"13":3,"14":3,"15":1,"16":1,"17":2,"18":2,"19":2,"20":0,"21":2,"22":2,"23":2,"24":1,"25":1,"26":1,"27":1,"28":1,"29":0,"30":0,"31":0,"32":0,"33":3,"34":2},"f":{"0":0,"1":3,"2":3,"3":2},"b":{"0":[0],"1":[0,3],"2":[3,0],"3":[3,3],"4":[0,3],"5":[1,2],"6":[3,1],"7":[0,2],"8":[0,2],"9":[1,1],"10":[0,1],"11":[1,1],"12":[0,0]}}
}
