TN:
SF:components/forms/QuoteFormInline.tsx
FN:96,(anonymous_9)
FN:113,(anonymous_10)
FN:121,(anonymous_11)
FN:129,(anonymous_12)
FN:137,QuoteFormInline
FN:171,(anonymous_14)
FN:177,(anonymous_15)
FN:179,(anonymous_16)
FN:184,(anonymous_17)
FN:191,(anonymous_18)
FN:193,(anonymous_19)
FN:202,(anonymous_20)
FN:228,(anonymous_21)
FN:232,(anonymous_22)
FN:252,(anonymous_23)
FN:259,(anonymous_24)
FN:273,(anonymous_25)
FN:292,(anonymous_26)
FN:297,(anonymous_27)
FN:551,(anonymous_28)
FNF:20
FNH:18
FNDA:10,(anonymous_9)
FNDA:3,(anonymous_10)
FNDA:3,(anonymous_11)
FNDA:3,(anonymous_12)
FNDA:48,QuoteFormInline
FNDA:38,(anonymous_14)
FNDA:10,(anonymous_15)
FNDA:28,(anonymous_16)
FNDA:0,(anonymous_17)
FNDA:4,(anonymous_18)
FNDA:4,(anonymous_19)
FNDA:4,(anonymous_20)
FNDA:4,(anonymous_21)
FNDA:2,(anonymous_22)
FNDA:1,(anonymous_23)
FNDA:1,(anonymous_24)
FNDA:2,(anonymous_25)
FNDA:1,(anonymous_26)
FNDA:0,(anonymous_27)
FNDA:336,(anonymous_28)
DA:26,1
DA:27,1
DA:70,1
DA:80,1
DA:87,1
DA:96,1
DA:98,10
DA:101,10
DA:102,3
DA:103,7
DA:104,3
DA:106,4
DA:113,1
DA:114,3
DA:115,3
DA:121,1
DA:122,3
DA:123,3
DA:129,1
DA:130,3
DA:137,1
DA:147,48
DA:155,48
DA:158,48
DA:159,48
DA:162,48
DA:171,48
DA:172,38
DA:175,38
DA:176,10
DA:177,10
DA:179,28
DA:183,38
DA:184,0
DA:191,48
DA:192,4
DA:193,4
DA:196,4
DA:202,48
DA:205,4
DA:207,1
DA:208,0
DA:210,1
DA:212,1
DA:213,0
DA:215,1
DA:217,1
DA:218,0
DA:220,1
DA:222,1
DA:223,0
DA:225,1
DA:228,4
DA:229,4
DA:232,48
DA:233,2
DA:235,2
DA:236,1
DA:238,2
DA:239,1
DA:241,2
DA:242,1
DA:244,2
DA:245,1
DA:248,2
DA:249,2
DA:252,48
DA:253,1
DA:254,1
DA:256,1
DA:259,48
DA:260,1
DA:266,1
DA:267,1
DA:273,48
DA:274,2
DA:276,2
DA:283,2
DA:284,2
DA:285,1
DA:286,1
DA:289,1
DA:291,1
DA:292,1
DA:293,1
DA:294,1
DA:295,1
DA:297,0
DA:302,1
DA:310,48
DA:552,336
LF:91
LH:85
BRDA:101,0,0,3
BRDA:101,0,1,7
BRDA:103,1,0,3
BRDA:103,1,1,4
BRDA:139,2,0,48
BRDA:140,3,0,48
BRDA:175,4,0,10
BRDA:175,4,1,28
BRDA:183,5,0,0
BRDA:183,5,1,38
BRDA:205,6,0,1
BRDA:205,6,1,1
BRDA:205,6,2,1
BRDA:205,6,3,1
BRDA:207,7,0,0
BRDA:207,7,1,1
BRDA:212,8,0,0
BRDA:212,8,1,1
BRDA:217,9,0,0
BRDA:217,9,1,1
BRDA:222,10,0,0
BRDA:222,10,1,1
BRDA:235,11,0,1
BRDA:235,11,1,1
BRDA:238,12,0,1
BRDA:238,12,1,1
BRDA:241,13,0,1
BRDA:241,13,1,1
BRDA:244,14,0,1
BRDA:244,14,1,1
BRDA:254,15,0,0
BRDA:254,15,1,1
BRDA:256,16,0,0
BRDA:256,16,1,1
BRDA:256,17,0,1
BRDA:256,17,1,1
BRDA:284,18,0,1
BRDA:284,18,1,1
BRDA:294,19,0,0
BRDA:294,19,1,1
BRDA:294,20,0,1
BRDA:294,20,1,1
BRDA:333,21,0,48
BRDA:333,21,1,1
BRDA:372,22,0,1
BRDA:372,22,1,47
BRDA:380,23,0,1
BRDA:380,23,1,47
BRDA:380,24,0,48
BRDA:380,24,1,1
BRDA:396,25,0,48
BRDA:396,25,1,1
BRDA:396,25,2,1
BRDA:424,26,0,1
BRDA:424,26,1,47
BRDA:432,27,0,1
BRDA:432,27,1,47
BRDA:432,28,0,48
BRDA:432,28,1,1
BRDA:448,29,0,48
BRDA:448,29,1,1
BRDA:448,29,2,1
BRDA:476,30,0,1
BRDA:476,30,1,47
BRDA:484,31,0,1
BRDA:484,31,1,47
BRDA:484,32,0,48
BRDA:484,32,1,1
BRDA:501,33,0,48
BRDA:501,33,1,1
BRDA:501,33,2,1
BRDA:528,34,0,1
BRDA:528,34,1,47
BRDA:536,35,0,1
BRDA:536,35,1,47
BRDA:536,36,0,48
BRDA:536,36,1,1
BRDA:557,37,0,48
BRDA:557,37,1,1
BRDA:557,37,2,1
BRDA:574,38,0,48
BRDA:574,38,1,47
BRDA:576,39,0,1
BRDA:576,39,1,47
BRDA:576,40,0,1
BRDA:576,40,1,46
BRF:86
BRH:78
end_of_record
TN:
SF:components/ui/Button.tsx
FN:8,(anonymous_9)
FNF:1
FNH:1
FNDA:48,(anonymous_9)
DA:3,1
DA:4,1
DA:7,1
DA:10,48
DA:12,48
DA:13,48
DA:15,0
DA:17,0
DA:19,0
DA:21,0
DA:23,0
DA:25,0
DA:27,0
DA:29,0
DA:31,0
DA:33,0
DA:35,48
DA:37,48
DA:39,0
DA:43,48
DA:44,48
DA:46,0
DA:47,0
DA:49,0
DA:50,0
DA:52,0
DA:53,0
DA:55,48
DA:58,48
DA:60,48
DA:76,0
DA:78,0
DA:90,48
DA:104,1
DA:106,1
LF:35
LH:16
BRDA:8,0,0,48
BRDA:8,1,0,48
BRDA:13,2,0,0
BRDA:13,2,1,0
BRDA:13,2,2,0
BRDA:13,2,3,0
BRDA:13,2,4,0
BRDA:13,2,5,48
BRDA:13,2,6,0
BRDA:44,3,0,0
BRDA:44,3,1,0
BRDA:44,3,2,0
BRDA:44,3,3,48
BRDA:58,4,0,48
BRDA:58,4,1,0
BRDA:60,5,0,0
BRDA:60,5,1,48
BRDA:84,6,0,0
BRDA:84,6,1,0
BRDA:95,7,0,48
BRDA:95,7,1,46
BRDA:97,8,0,48
BRDA:97,8,1,0
BRF:23
BRH:9
end_of_record
TN:
SF:lib/api/handlers.ts
FN:8,(anonymous_0)
FN:30,handleSubmission
FN:101,defaultParser
FN:105,successResponse
FNF:4
FNH:3
FNDA:0,(anonymous_0)
FNDA:3,handleSubmission
FNDA:3,defaultParser
FNDA:2,successResponse
DA:1,1
DA:3,1
DA:4,1
DA:7,1
DA:8,0
DA:9,0
DA:30,1
DA:41,3
DA:42,3
DA:43,3
DA:48,3
DA:49,0
DA:55,3
DA:56,3
DA:58,3
DA:59,1
DA:60,1
DA:63,2
DA:64,2
DA:66,2
DA:67,0
DA:73,2
DA:74,2
DA:76,2
DA:77,1
DA:78,1
DA:84,1
DA:85,1
DA:87,1
DA:89,0
DA:90,0
DA:93,0
DA:94,0
DA:102,3
DA:106,2
LF:35
LH:27
BRDA:8,0,0,0
BRDA:48,1,0,0
BRDA:48,1,1,3
BRDA:55,2,0,3
BRDA:55,2,1,0
BRDA:55,3,0,3
BRDA:55,3,1,3
BRDA:55,4,0,0
BRDA:55,4,1,3
BRDA:58,5,0,1
BRDA:58,5,1,2
BRDA:58,6,0,3
BRDA:58,6,1,1
BRDA:63,7,0,0
BRDA:63,7,1,2
BRDA:66,8,0,0
BRDA:66,8,1,2
BRDA:76,9,0,1
BRDA:76,9,1,1
BRDA:84,10,0,0
BRDA:84,10,1,1
BRDA:84,11,0,1
BRDA:84,11,1,1
BRDA:89,12,0,0
BRDA:89,12,1,0
BRF:25
BRH:16
end_of_record
